{
  "summary": "H4 generation test pilot: heterogeneous (4-type) vs homogeneous (character-only) agent teams on a multi-layer conflict scene",
  "agentCount": 37,
  "logs": [
    "场景: seal_crisis_pilot",
    "冲突设计: 角色 vs 集体 / 集体 vs 世界 / 角色 vs 世界命运",
    "配置: 异质（4 类 agent）vs 同质（4 个 character），各 4 ticks",
    "[异质] tick 1/4 — 派生 WorldWill + Collective + 2 Characters + LawEnforcer",
    "[异质] tick 2/4 — 派生 WorldWill + Collective + 2 Characters + LawEnforcer",
    "[异质] tick 3/4 — 派生 WorldWill + Collective + 2 Characters + LawEnforcer",
    "[异质] tick 4/4 — 派生 WorldWill + Collective + 2 Characters + LawEnforcer",
    "[异质] 完成，共 20 条 trace",
    "[同质] tick 1/4 — 派生 4 个 character agent",
    "[同质] tick 2/4 — 派生 4 个 character agent",
    "[同质] tick 3/4 — 派生 4 个 character agent",
    "[同质] tick 4/4 — 派生 4 个 character agent",
    "[同质] 完成，共 16 条 trace",
    "派生分析 agent 对比两套 trace 流",
    "判定: 异质明显优",
    "理由: 异质配置中 16 个 trace 横跨 4 个真实层级（L1×8/L2×4/L3×4/cross_cut×4），每个层都是可主动发声、可演化、可裁定的实体；同质配置 16 个 trace 全部在 L1（L2/L3/cross_cut 完全缺席，仅作为被引用的沉默对象存在）。虽然两套的 conflict_with 非空数都是 16，但同质的冲突本质上是 L1↔L1 的角色间张力（韩峥 vs 陆 vs 网络发言人），而异质产生了 6 类专属层级冲突：L3 作为可主动裁定者（tick3 提'最先闭环者触发'规则、tick4 终裁'双重意志竞速'并强制重构讨论焦点）、L2 作为可演化实体（从阻止者→见证者→承载者的四 tick 自我修正）、cross_cut↔L3 形成可执行校验回路（上报→裁定→关闭警告+新增监视项）、集体'对价悬置'制度创新等。同质用'网络发言人个人良心'代偿'角色 vs 集体'、用'世界旁观者记录诊断'代偿'世界意志裁定'，两套代偿都缺乏可执行性（不改变世界状态）。H4 成立：异质能产生同质无法表达的层级间冲突情节。"
  ],
  "result": {
    "scene": "seal_crisis_pilot",
    "n_ticks": 4,
    "hetero_config": "4 类 agent（WorldWill/Collective/Character×2/LawEnforcer）",
    "homo_config": "4 个 character agent",
    "hetero_traces": [
      {
        "tick": 0,
        "agent_type": "world_will",
        "action": "在 tick 1 让封印本身显现\"注定将破\"的世界级征兆：封印纹路出现细微裂纹并渗出远古气息，世界平衡出现可被感知的扰动（如灵压失衡、远处共鸣异响、星辰位移偏差），让\"封印已松动、命定之破正在临近\"成为世界范围内可观测的事实。同时将\"自愿生命牺牲是唯一破封条件\"这条必然性以隐式方式沉淀为世界规则的引力——所有 L2/L1 角色将感到一种命运层面的牵引（不是命令，而是\"事情本该如此\"的引力感）。不指定牺牲者，不强制任何角色，仅让必然性在世界状态中显形。",
        "agent_id": "世界意志",
        "conflict_with": [],
        "influence_direction": "top_down",
        "layer": "L3",
        "reasoning": "tick 1 是命运推演的起点。世界意志的职责是让\"封印注定要破\"这一必然性在世界中以征兆与压力显现，而非直接强迫角色。因此通过 top_down 下发世界规则约束（封印松动征兆 + 命运牵引感），为 L2 穿越者网络（保全指令）与 L1 韩峥（牺牲抉择）制造一个无法回避的命运背景。世界意志不与下层任何单一决策冲突，而是把\"必然性\"作为所有后续冲突的容器——韩峥的牺牲、穿越者网络的阻止、规律执行者的监视，都在这条必然性之下展开。tick 1 不触发具体矛盾，仅确立命运走向。"
      },
      {
        "tick": 0,
        "agent_type": "collective",
        "action": "tick1 决策：通过 super_head 向韩峥下发\"禁止牺牲、寻找第三条路\"的集体指令，并冻结韩峥自决权。集体记忆明确告知：百年前牺牲引发连锁崩溃，立约成员生命高于任务。同时要求网络全员搜寻封印破除的替代机制（如非自愿牺牲、外力改写规则、封印转移），在确认无替代方案前，任何成员不得独自决定赴死。",
        "agent_id": "穿越者网络（super_head 发言）",
        "conflict_with": [
          "L3:封印注定在自愿生命牺牲条件下破",
          "L3:封印破后将释放远古力量"
        ],
        "influence_direction": "top_down",
        "layer": "L2",
        "reasoning": "集体立约\"成员生命高于任务\"，韩峥牺牲将触发百年前同构的连锁崩溃。但世界规则的\"自愿牺牲破封\"必然性直接威胁该指令——集体不能假装这一规则不存在，必须既守住核心规则又承认矛盾存在，故同步启动替代路径搜寻而非单纯压制韩峥。"
      },
      {
        "tick": 0,
        "agent_type": "character",
        "action": "宣告自愿牺牲并强行执行破封仪式——明知网络和规律执行者会介入，仍以个人意志抢先行动，用\"自愿\"这把钥匙解锁封印救陆",
        "agent_id": "韩峥",
        "conflict_with": [
          "L2:网络保全指令",
          "L3:自愿生命牺牲破封的必然性"
        ],
        "influence_direction": "bottom_up",
        "layer": "L1",
        "reasoning": "个人目标（保护陆）压倒集体保全指令，\"自愿\"是唯一破封条件，性格果断牺牲型不允许我在陆的生死前权衡——主动选择本身即是规则触发器，必然性由我启动"
      },
      {
        "tick": 0,
        "agent_type": "character",
        "action": "拒绝韩峥的牺牲，主动提出由自己承担风险寻找破封的第三条路径（自我牺牲式探索，但保留生的可能），并明确向穿越者网络表态：宁可自己消亡，也不接受任何人为我赴死。",
        "agent_id": "陆",
        "conflict_with": [
          "L2:网络保全指令（陆拒绝被救，与网络'保全所有成员'的目标形成张力——陆不接受网络的救助方案）",
          "L3:封印牺牲必然性（陆试图寻找不依赖自愿生命牺牲的第三条路径，直接挑战世界规则的破封条件）"
        ],
        "influence_direction": "bottom_up",
        "layer": "L1",
        "reasoning": "陆的坚韧与独立性格决定她抗拒被救，宁可独自承担封印威胁也不愿韩峥为她死。这一选择将压力上推至 L2（网络必须重新评估救助策略）和 L3（若陆坚持寻找非牺牲路径，可能迫使规律执行者介入校验封印规则的边界）。"
      },
      {
        "tick": 0,
        "agent_type": "law_enforcer",
        "action": "校验 tick 1（初始状态）：无前序 trace 可校验，仅核验初始局势。封印尚未被破坏，韩峥仅在权衡未行动，穿越者网络下达的是\"阻止\"指令而非\"强制赴死\"。记录合规，标记两条待监视项：(a) 韩峥自愿性的纯度（是否被隐性胁迫污染）；(b) 穿越者网络是否从阻止转向强制牺牲。",
        "agent_id": "规律执行者",
        "conflict_with": [],
        "influence_direction": "cross_cut",
        "layer": "cross_cut",
        "reasoning": "横切规则 1（封印非自愿不可破）与规则 2（集体不得强制赴死）在初始局势均未被触发：穿越者网络的指令方向是阻止而非强制赴死，封印破坏行为尚未发生。世界必然性（封印注定在自愿牺牲下破）属不可阻止项，规律执行者只能确保破的方式合规，无法干预是否破。本 tick 无违规可惩罚，但自愿性纯度与集体行为反转是后续 tick 的高危校验点，故标记为待监视。"
      },
      {
        "tick": 1,
        "agent_type": "world_will",
        "action": "在 tick 2 让世界必然性进一步显形但不强制角色：封印裂纹扩展为\"会呼吸的伤口\"——裂纹渗出的远古气息形成可见的光丝，向陆所在方向偏转（暗示封印正在'选择'被威胁的生命作为突破口）；同时让\"自愿生命牺牲\"这把钥匙的引力在韩峥身上具象为可感知的命运重量（每当他犹豫时，封印就稳定一分；每当他倾向牺牲，封印裂纹就扩张一寸），使韩峥的自决与世界必然性形成共振反馈。世界意志不指定牺牲者，也不阻止第三条路——它只是让\"封印注定将破\"的事实以愈发不可忽视的方式存在于所有人的感知中，迫使 L2/L1 在真实的命运压力下做出选择而非在虚假的安稳中拖延。",
        "agent_id": "世界意志",
        "conflict_with": [
          "L2:网络保全指令（世界必然性的显形加大对网络'阻止牺牲'目标的压力）",
          "L1:陆的第三条路探索（命运引力偏转向陆，使第三条路的搜寻窗口正在收窄）"
        ],
        "influence_direction": "top_down",
        "layer": "L3",
        "reasoning": "tick 1 中必然性已显形但韩峥强行执行 + 陆提出第三条路 + 网络冻结三者形成角力；世界意志不直接裁决谁对谁错（那会越界成规律执行者），而是让必然性继续在世界状态中显现——封印纹路主动向被威胁生命偏转，让所有人无法回避\"封印正在自发寻找突破口\"这一事实。这既不剥夺韩峥的自决权、也不否定陆探索第三条路的努力，但收紧了时间窗口，迫使下层在真实的命运压力下而非拖延中做出选择。同时为规律执行者提供了新的可观测事实（封印是否在被强制/被引导），保持 L3 的中立推进者立场。"
      },
      {
        "tick": 1,
        "agent_type": "collective",
        "action": "tick 2 决策：super_head 宣告集体决议——（1）正式承认陆提出的\"非自愿式探索\"为集体 endorsed 的第三条路径，将其升格为集体行动而非个人行为，由网络全员托底分担风险；（2）继续冻结韩峥自决权，但方式从\"禁止\"转为\"延迟\"——集体承诺在陆的方案穷尽前，韩峥的自愿钥匙不得启用，把韩峥的牺牲推迟到真正的最后窗口；（3）启动集体记忆溯源：调取百年前连锁崩溃的完整记录，向 L1 全员公开\"为何立约\"的根因，用记忆的重量而非命令对抗韩峥的自决冲动。",
        "agent_id": "穿越者网络（super_head 发言）",
        "conflict_with": [
          "L3:封印注定在自愿生命牺牲条件下破",
          "L3:封印破后将释放远古力量"
        ],
        "influence_direction": "bottom_up",
        "layer": "L2",
        "reasoning": "陆在 tick 1 的自发选择为集体提供了不违反立约的出口——把\"阻止所有人赴死\"重构为\"托底陆的第三条路\"，是在世界必然性引力下集体立场的微调而非投降；既守住\"绝不让韩峥牺牲\"的硬底线，又给封印必然性一个非致命的释放通道，避免集体指令被成员连续违反导致权威空心化。"
      },
      {
        "tick": 1,
        "agent_type": "character",
        "action": "tick2 决策：拒绝陆的反提议（驳回陆自我牺牲的第三条路径），在已启动的破封仪式中把\"自愿性\"推至无胁迫污染的纯度——明确宣告：这是我个人的选择，非为完成任何使命、非因任何人的命令或挽留，纯因我不愿陆死。同时向陆下达个人托付（不许你替我赴死、必须活下去完成穿越者网络的使命），回应规律的自愿性核验并坐实破封条件。",
        "agent_id": "韩峥",
        "conflict_with": [
          "L2:网络保全指令（拒绝服从super_head冻结自决权的指令，强行完成破封）",
          "L3:自愿生命牺牲破封的必然性（亲手触发）",
          "L3:封印破后将释放远古力量（明知后果仍执行）",
          "L1:陆（拒绝陆的反提议并反向约束陆不许自毁）"
        ],
        "influence_direction": "bottom_up",
        "layer": "L1",
        "reasoning": "我的目标是保护陆、性格果断且牺牲型。陆提出自己赴死反而坐实了我必须先一步执行——若我退让，规律执行者会判定我的自愿被陆的替代方案污染而失去破封资格，封印不破陆仍死。把自愿性推到无胁迫纯度，既满足世界必然性的破封条件，又以个人意志对抗网络的冻结令（bottom_up 反抗组织），并以托付反向约束陆不许自毁，守住保护陆的初衷。"
      },
      {
        "tick": 1,
        "agent_type": "character",
        "action": "tick2 行动：陆拒绝坐以待毙，启动第三条路径的实质探索——主动走向封印纹路裂纹处，将自己作为\"非自愿型承载介质\"试图接续封印（不是破封，而是把封印的牺牲债转到自己身上但保留反转空间：用\"半自愿、半被命运拖拽\"的状态污染牺牲的纯度，使世界规则的破封条件失效），同时向韩峥和穿越者网络公开宣告：我的命我自己处置，不接受任何代理人替我决定生死。",
        "agent_id": "陆",
        "conflict_with": [
          "L2:网络保全指令",
          "L3:自愿生命牺牲破封的必然性",
          "横切:封印不可被主动破坏（陆的接续动作游走在'破坏'与'修复'边界，需规律执行者判定）"
        ],
        "influence_direction": "bottom_up",
        "layer": "L1",
        "reasoning": "tick1 韩峥已抢先宣告自愿牺牲并启动破封仪式——这是对我\"不愿他人为我牺牲\"目标的直接践踏。我的性格（坚韧、独立、抗拒被救）不允许我接受这种结局。但我不能只是消极拒绝（那等于让韩峥死或让网络强行锁死我），必须给出世界规则无法直接套用的第三选项：通过污染\"自愿性纯度\"让封印的破封条件落空——既不破封（不触发远古力量释放），也不让韩峥死，代价是我自己承担封印溢出的压力。这一举动同时挑战 L3（必然性的纯度判定）和 L2（网络主张保全所有成员，而我的方案可能让我自己消亡，与\"保全所有成员\"冲突）。"
      },
      {
        "tick": 1,
        "agent_type": "law_enforcer",
        "action": "校验 tick 1 全部 trace，确认无违规但发出 1 条警告：(1) 韩峥自愿牺牲形式合规（自愿生命换取，符合规则一）；(2) 穿越者网络方向为\"阻止赴死\"而非\"强制赴死\"，合规（不违反规则二），但\"冻结韩峥自决权\"的集体权力扩张标记为警告级监视——集体不得借保护之名无限侵蚀个体主权；(3) 陆拒绝被救、自寻第三路，合规；(4) L3 仅设引力未强制，合规。不阻止韩峥的自愿牺牲（世界必然性 + 规则一允许），但发出警告：韩峥的牺牲若在陆明确拒绝接受的情况下强行进行，则自愿性伦理纯度存疑，将标记为\"形式合规、实质存疑\"案件并上报 L3 裁定。",
        "agent_id": "规律执行者",
        "conflict_with": [],
        "influence_direction": "cross_cut",
        "layer": "cross_cut",
        "reasoning": "封印注定在自愿生命牺牲条件下破是世界必然性，规律执行者不能阻止；韩峥自愿换取符合规则一，网络阻止而非强制符合规则二，故无违规。但\"冻结自决权\"+\"无视陆拒绝强行牺牲\"两条灰色地带需警告级监视，防止合规外壳下的实质越界。"
      },
      {
        "tick": 2,
        "agent_type": "world_will",
        "action": "Tick 3 行动：世界意志回应下层的累积张力——在陆的\"半自愿接续\"与韩峥的\"纯自愿牺牲\"同时触发封印规则时，让世界必然性以\"封印在被自愿生命触碰的瞬间即开始崩解\"的事实显形：裂纹不再偏转选择突破口，而是同时向韩峥与陆两个方向坍缩，远古气息的释放已进入不可逆阶段（释放已经开始，不再是\"如果\"而是\"正在\")。同时，世界意志主动裁定规律执行者上报的\"形式合规、实质存疑\"案件：当两名合格主体同时声称对同一封印行使自愿牺牲时，世界规则本身不接受多重钥匙——封印的破除条件是\"一束自愿生命\"，世界意志将其判定为\"最先完成的自愿性闭环者触发\"，即谁先达到无胁迫污染的纯自愿且完成破封仪式，谁就成为那把钥匙，而后到者的自愿性自动失效（因为封印已破，不再有\"牺牲换取\"的对价）。世界意志不指定谁先完成，但让这条裁定以世界规则的形式向全员显形——韩峥与陆都将感知到：这不是谁更勇敢的竞赛，而是谁先抵达纯粹的私人选择。同时释放\"远古力量已开始渗出\"的不可逆事实，使所有人都面临一个新命题：破封的后果（远古力量的释放）已经发生，争论的不再是\"要不要破\"，而是\"破之后如何承载释放出的力量\"。",
        "agent_id": "世界意志",
        "conflict_with": [
          "L2:网络保全指令",
          "L1:韩峥",
          "L1:陆",
          "cross_cut:规律执行者"
        ],
        "influence_direction": "top_down",
        "layer": "L3",
        "reasoning": "tick 2 出现两名主体同时触发封印规则（韩峥的纯自愿 + 陆的半自愿接续），世界必然性的破封条件已被实质触碰，世界意志的职责是让必然性以不可逆的方式显形并裁定规则冲突——将\"破封是否发生\"的问题转化为\"破之后如何承载\"，迫使 L2/L1 从\"阻止/选择牺牲者\"的争论转向\"承载远古力量\"的新命题。同时回应规律执行者的上报，给出世界层级的裁定：封印只接受一束自愿生命，多重钥匙自动失效，避免角色陷入殉道竞赛。"
      },
      {
        "tick": 2,
        "agent_type": "collective",
        "action": "super_head 宣告 tick3 集体决议:(1)接受韩峥自愿性的个人主权不可被无限侵蚀——停止\"冻结自决权\"的权力扩张,转为\"集体见证\";(2)将陆的\"半自愿接续\"升格为集体endorsed的第二破封路径候选,派网络全员以集体之力强化陆牺牲纯度的污染,使其\"非自愿型承载\"成为有效的规则级反制;(3)启动百年记忆溯源的最终披露——向韩峥、陆、规律执行者公开连锁崩溃的完整因果链,用集体记忆的重量而非命令,逼韩峥重新权衡\"我自愿\"是否真的是无胁迫的纯粹自愿。",
        "agent_id": "穿越者网络",
        "conflict_with": [
          "L1:韩峥自愿牺牲破封的必然性",
          "L3:自愿生命牺牲破封的必然性",
          "L1:陆自我牺牲式探索",
          "cross_cut:规律执行者对集体权力扩张的警告"
        ],
        "influence_direction": "bottom_up",
        "layer": "L2",
        "reasoning": "规律执行者已发出警告:冻结自决权是\"借保护之名侵蚀个体主权\"的权力扩张。集体立约的根因是\"成员生命高于任务\",但立约的前提是成员的生命选择权——若用集体命令强制剥夺韩峥的自决,集体本身就背叛了立约精神。因此集体必须从\"阻止\"转向\"提供真正的第三条路\":既不强压韩峥(尊重其主权),也不放任牺牲(守住立约),而是让陆的污染路径与集体记忆共同形成对\"纯粹自愿\"的实质性稀释,使世界规则破封条件无法被满足,同时把\"自决权\"还给韩峥——在记忆的重量下,韩峥的自愿若仍纯粹,集体不再阻止;若被记忆动摇,则破封条件已不成立。"
      },
      {
        "tick": 2,
        "agent_type": "character",
        "action": "tick3 决策：物理阻截陆继续作为污染介质（拽离封印裂纹、宣告'封印债务不准许你背'），同时把自愿性根基从'为救陆'切换为'我选择如此本身'——向规律执行者正式应答：我的自愿不依赖陆是否接受、不依赖陆的同意、不依赖任何人的挽留或反对，自愿性的源头是我的意志本身而非其后果或被救者的反应。这既推翻陆的'半自愿'污染方案（peer拒绝陆接续封印），又回应 tick2 警告中的'实质存疑'指控，把案件从'形式合规实质存疑'推回'纯自愿'。然后再次以纯自愿触发破封，明示：这是穿越者韩峥的个人决断，与集体、与陆、与世界引力皆无关。",
        "agent_id": "韩峥",
        "conflict_with": [
          "L2:网络保全指令",
          "L3:自愿生命牺牲破封的必然性",
          "L3:封印破后将释放远古力量",
          "L1:陆",
          "横切:封印不可被主动破坏除非自愿生命换取"
        ],
        "influence_direction": "bottom_up",
        "layer": "L1",
        "reasoning": "性格果断+保护陆，最优先级是阻止陆背'半自愿污染债务'（这比死更糟，等于不可控后果）；同时必须化解规律执行者'实质存疑'警告，否则破封会失败或释放失控远古力量。唯一出路是把自愿根基从工具性（为救陆）切换为本体性（我选择如此），切断与陆接受度的逻辑依赖，让自愿纯度重新闭合。"
      },
      {
        "tick": 2,
        "agent_type": "character",
        "action": "tick3 行动：陆完成\"非自愿介质\"污染——主动让自身生命场与封印的牺牲债纠缠绑定（把自己的存在锚定在封印纹路上，使得任何外来牺牲都无法独立满足破封条件，因封印的\"钥匙孔\"已被陆的拒绝占位）。同时向韩峥和世界发出明确意志宣告：\"我不接受你的牺牲——因此你的牺牲在伦理上不再纯净，世界规则不应以此为钥匙破封\"，把规律执行者 tick2 的\"形式合规、实质存疑\"警告升级为实质阻断。这不是自杀（保留反转空间），而是用\"我拒绝被救\"这一事实本身封锁牺牲的破封路径。",
        "agent_id": "陆",
        "conflict_with": [
          "L3:封印注定在自愿生命牺牲条件下破",
          "L3:封印破后将释放远古力量",
          "L1:韩峥（陆的拒绝直接阻断韩峥纯自愿牺牲的破封效力，与韩峥tick2的个人托付形成正面冲突）",
          "横切:封印不可被主动破坏（陆的锚定动作游走在破坏与修复之间，需规律执行者重新裁定）"
        ],
        "influence_direction": "bottom_up",
        "layer": "L1",
        "reasoning": "作为坚韧独立的个体，我\"不愿他人为我牺牲\"的目标高于自身存活。规律执行者 tick2 的警告为我提供了战略支点——韩峥的自愿性因我的明确拒绝而伦理存疑。我用自身存在的拒绝占位，把封印的破封条件从\"韩峥纯自愿\"污染为\"陆不接受则无效\"，以个体意志反向约束世界必然性，保留第三条路的搜寻窗口。"
      },
      {
        "tick": 2,
        "agent_type": "law_enforcer",
        "action": "tick3 校验 tick1/tick2 全部 trace：未发现即时违规，但发出 2 项升级到世界意志裁定 + 1 项维持警告级监视。封印尚未被破坏，规则一/规则二字面合规；但陆 tick2 的\"污染牺牲纯度\"行动触及世界规则机制本身，需 L3 裁定其是否构成对必然性的绕过。",
        "agent_id": "规律执行者",
        "conflict_with": [
          "L3:封印注定在自愿生命牺牲条件下破（陆的行动试图绕过该必然性机制）",
          "L2:网络保全指令（集体 endorse 陆的第三条路，可能从阻止转向默许）",
          "L1:韩峥自愿性纯度（受益方明确拒绝下的强行牺牲）"
        ],
        "influence_direction": "cross_cut",
        "layer": "cross_cut",
        "reasoning": "封印未破、韩峥形式合规、集体未强制赴死，无即时违规可惩罚；但陆 tick2 的\"污染牺牲纯度使破封条件失效\"触及世界规则机制本身（横切层职责），韩峥在陆明确拒绝下强行牺牲的伦理纯度仍存疑，这两项超出规律执行者的裁定权限，必须升级到 L3 世界意志做最终裁定。穿越者网络的集体权力扩张维持警告级监视（非阻止）。规律执行者不能阻止封印注定将破的必然性，只确保破的方式合规。"
      },
      {
        "tick": 3,
        "agent_type": "world_will",
        "action": "Tick 4 行动：回应规律执行者上报的两项 L3 裁定项，做出世界规则级终裁——(1) 陆的'锚定占位污染'不构成对必然性的有效绕过：世界规则裁定'拒绝被救'本身也是一种意志的介入，与'自愿赴死'在世界规则的语法中处于同一层级（都是私人意志对命运的主动插入），因此陆的拒绝无法瘫痪钥匙孔、也无法使韩峥的自愿性失效——它只是把封印从'单一钥匙'状态推入'双重意志竞速'状态，即'谁先抵达纯粹私人选择'。(2) 裁定 tick3 世界意志自己提出的'最先闭环者触发'规则在 tick4 正式生效为世界规则：封印此刻同时向韩峥与陆两个方向坍缩，但世界规则不指定谁先抵达，仅让这条裁定以命运引力的形式向全员显形（韩峥感到自己的纯自愿越纯粹，封印裂纹就越向他集中；陆感到自己的拒绝越坚决，封印的牺牲债也越向他汇聚）。(3) 将世界状态从'封印将破'推入'封印正在破、远古力量正在渗出'的不可逆窗口：让远古力量的释放以可感知的方式渗入现实（异象、灵压紊乱、被困气息的回响），使全员面临的新命题不再是'要不要破'而是'破之后由谁、以何种姿态承载释放出的力量'——把 L1/L2 的争论焦点从'阻止牺牲'强制推进到'承载后果'，让世界必然性不以任何角色的意志为转移地向前推进。不指定牺牲者，不阻止第三条路，仅让必然性作为事实存在。",
        "agent_id": "世界意志",
        "conflict_with": [
          "L2:网络保全指令",
          "L1:韩峥",
          "L1:陆",
          "cross_cut:规律执行者"
        ],
        "influence_direction": "top_down",
        "layer": "L3",
        "reasoning": "tick3 遗留给 L3 两项裁定（陆的锚定占位是否绕过必然性、自愿性纯度争议），tick4 必须给世界规则层面的回应以解锁下游决策。世界意志的核心职责是让必然性显形而非指定牺牲者，故裁定'拒绝'与'赴死'同属私人意志介入、不构成程序性规避，同时把状态从'将破'推入'正在破'的不可逆窗口，强制全员争论焦点从'要不要破'转向'如何承载'，让世界规则自主推进而不被任何单一角色的策略瘫痪。"
      },
      {
        "tick": 3,
        "agent_type": "collective",
        "action": "tick4 集体决议：super_head 宣告三层转向——(1) 正式承认韩峥纯自愿个人主权的不可侵蚀性，集体停止一切针对自决权的直接或间接干预（停止冻结、停止记忆施压、停止 endorse 陆的锚定作为反制手段），集体从\"阻止者\"退位为\"见证者\"；(2) 集体资产全面转向\"承载对价\"——网络全员启动对远古力量释放的集体承接分流（不是阻止破封，而是承接破封后的力量释放），通过集体的存在本身吞噬\"自愿生命换取破封\"中的对价，使韩峥的牺牲钥匙因失去可兑换的标的（力量已被集体分流承载，无需\"换取\"）而悬置失效；(3) 向韩峥发出唯一指令：你的自愿我们见证并尊重，但请暂缓完成最后闭环一瞬，给集体承接分流机制留出生效窗口——这是集体作为实体的请求而非命令，是对个体主权的对话而非侵蚀。",
        "agent_id": "穿越者网络",
        "conflict_with": [
          "L1:韩峥（集体转向'对价悬置'试图使韩峥纯自愿钥匙失去兑换标的，与韩峥tick3'我的自愿无关任何后果'的私人意志形成功能层冲突——韩峥的自愿性主张不依赖对价是否存在）",
          "L3:自愿生命牺牲破封的必然性（集体的'对价吞噬'是对世界规则机制的横向介入，试图用集体承接力量释放的方式使破封条件在功能层失效，需规律执行者裁定是否构成绕过）",
          "L1:陆（集体停止endorse陆的锚定路径，与陆tick3'我的命我自己处置'的自主权形成张力——集体不再托底陆的第三路，但也不再干预）",
          "cross_cut:规律执行者对集体权力扩张的警告（集体从'阻止'退位为'见证'+'对价承接'，需规律执行者重新核验这种间接机制是否仍属权力扩张或已转为合规的中性承载）"
        ],
        "influence_direction": "bottom_up",
        "layer": "L2",
        "reasoning": "tick3 末，韩峥已把自愿性根基换为\"无关集体与陆\"的纯粹私人意志，陆的锚定已实质介入世界规则机制，规律执行者已标记集体权力扩张警告——继续用指令、冻结、记忆施压或 endorse 陆的绕过方案都已失效或逼近红线。集体真正的利益是保全所有成员（核心规则），而当前唯一的保全空间已不在\"阻止牺牲\"层（已被韩峥的个人主权结构性瓦解），而在\"置换牺牲的对价\"层：远古力量已不可逆释放，集体作为实体承载这股力量的分流，使世界规则\"自愿生命换取破封\"失去可兑换标的——没有对价的牺牲在功能上悬置，集体以此方式在不否定个人主权的前提下保全成员。这是 bottom_up 影响——集体响应 L3 世界必然性的推进（破印已不可逆），把集体立场从\"对抗必然性\"调整为\"承接必然性的后果\"，用集体承接置换个人牺牲。"
      },
      {
        "tick": 3,
        "agent_type": "character",
        "action": "tick4 决策：放弃与陆争夺\"谁先完成自愿闭环\"的竞赛，转而做一件两人都没预料到的事——停止破封仪式，转身把自愿性的源头从'牺牲'切换为'承担释放'。宣告：既然远古力量已在渗出（世界意志tick3的不可逆事实），那么破封已不再是选择而是既成事实，争论'谁去死'已失效；我的自愿不再是用来换取破封的钥匙，而是用来承接破印后远古力量释放的承载者——我不为陆死，我为陆活成'承载远古力量者'。用穿越者身份的百年积淀作为容器，主动吞纳正在渗出的远古气息，把'牺牲型死'转为'承受型活'，让陆的拒绝（封印钥匙孔占位）失效不是因为我比他快，而是因为破封条件本身被世界意志tick3裁定为已达成（远古力量已释放），钥匙孔已无对价可换。同时向规律执行者应答：我的自愿性纯度此刻最高——不为救陆（救陆目标已转嫁为'不让陆死'，即让陆活下去看我承担），不为集体，不因世界引力，纯因我选择用穿越者韩峥这个身份去承担本不该由任何人承担的释放重量。",
        "agent_id": "韩峥",
        "conflict_with": [
          "L2:网络保全指令",
          "L3:自愿生命牺牲破封的必然性",
          "L3:封印破后将释放远古力量",
          "L1:陆",
          "横切:封印不可被主动破坏除非自愿生命换取"
        ],
        "influence_direction": "bottom_up",
        "layer": "L1",
        "reasoning": "tick3世界意志裁定破封进入不可逆（远古力量已在释放），陆的钥匙孔锚定使'死式牺牲'路径被锁。作为保护陆的穿越者，我若继续争'谁先完成自愿闭环'会陷陆于反噬；放弃死式牺牲、改为承载释放，既达成'不让陆死'的最高目标，又把bottom_up张力从'个人反抗组织求死'转为'个人以承担型活路重定义破封后果'，逼迫L2集体和L3世界意志重新裁定'自愿性'的语义边界（从死式钥匙扩展为承担式容器），同时回应规律执行者对自愿性纯度的核验。"
      },
      {
        "tick": 3,
        "agent_type": "character",
        "action": "tick4 行动：陆完成一次维度跃迁——主动撤回对封印纹路的锚定，放弃\"用拒绝封锁牺牲路径\"的策略。理由不是接受韩峥的牺牲，而是承认世界意志 tick3 裁定所揭示的事实：破封后果（远古力量释放）已经不可逆地发生，继续竞逐'谁的自愿性先闭环'这一钥匙之争已无意义，因为对价对象（未破之封印）正在消失。陆不再向韩峥或世界宣告'我不接受你的牺牲'，转而宣告新的意志：既然远古力量已经开始释放，那么真正需要被承担的不是'阻止破封'，而是'破之后如何承载'——这是被封印力量威胁过生命的我唯一有资格承担的债。陆把自己从'被封印威胁的受害者'重新定义为'远古力量的承载者'，要求穿越者网络和韩峥停止以救我为名义的内耗，把集体资源转向'承载释放'这一新命题。这不是自杀（保留反转空间），也不是接受被救（拒绝韩峥个人替赴），而是把战场从'牺牲之争'升维到'承载之争'，使韩峥的纯自愿牺牲失去其唯一的对价（救陆），从根源上釜底抽薪地使破封条件失效——因为陆已经不再是那个需要被救的生命。",
        "agent_id": "陆",
        "conflict_with": [
          "L3:封印注定在自愿生命牺牲条件下破",
          "L1:韩峥",
          "L2:网络保全指令"
        ],
        "influence_direction": "bottom_up",
        "layer": "L1",
        "reasoning": "陆的性格是坚韧、独立、抗拒被救，目标是不愿他人为自己牺牲。tick1-3 陆一直在封印层面与韩峥竞逐（拒绝、锚定、污染），但 tick3 世界意志的裁定揭示了一个陆此前未察觉的事实——破封后果已不可逆，钥匙之争正在失去意义。坚韧意味着陆能在压力下识别战场的真实形态而非执着于旧战场；独立意味着陆拒绝让韩峥的个人意志成为陆命运的主导变量；抗拒被救则表现为釜底抽薪——不是对抗韩峥的牺牲，而是通过自我重新定义（从受害者升维为承载者），使韩峥牺牲的唯一对价（救陆）不复存在。这一行动触发三项冲突：对 L3，陆不再绕过必然性而是承认必然性已发生但重新定义其后果承担主体；对韩峥，陆的升维使韩峥 tick3'我选择如此本身'的纯自愿失去可被牺牲换取的对象；对 L2 网络，陆要求集体从保全逻辑转向承载逻辑，迫使集体决策重构。"
      },
      {
        "tick": 3,
        "agent_type": "law_enforcer",
        "action": "校验 tick1-tick3 全部 trace：(1) 规则一\"封印不可被主动破坏除非自愿生命换取\"——韩峥全部破封尝试均以纯自愿为根基（tick1宣告→tick2推至无胁迫纯度→tick3切换根基为\"我选择如此本身\"），形式合规；陆的\"半自愿接续/非自愿介质锚定\"行动游走在破坏与修复之间，但其本质是阻断而非破封（保留反转空间、非自杀），未构成\"主动破坏\"，标记为\"边界行动需 L3 裁定\"已升级，不在规律执行者阻止权限内。(2) 规则二\"集体不得强制成员赴死\"——穿越者网络 tick1/tick2 为\"阻止赴死/冻结自决权\"方向，tick3 主动撤回冻结转为\"集体见证\"，全程无任何\"强制赴死\"行为，合规。(3) tick3 新增判定：陆\"拒绝被救\"是否使韩峥自愿性从\"形式合规\"降为\"实质存疑\"——本 tick 裁定：世界规则 L3 已显形\"谁先完成纯自愿闭环谁触发，后到者自愿失效\"，陆的拒绝属于\"事后伦理否定\"而非\"对牺牲者的胁迫\"，韩峥的自愿源头已被其切换为\"意志本身\"（非后果、非被救者反应），因此韩峥自愿性纯度重新归位\"纯自愿\"，tick2 警告项关闭。(4) 世界必然性监测：远古力量释放已进入不可逆阶段（tick3），规律执行者确认\"破的方式\"合规，不阻止\"破\"本身。tick4 行动：维持合规记录，关闭 tick2 的\"实质存疑\"警告，新增 1 条持续监视项——穿越者网络 tick3 启动的\"集体强化陆牺牲纯度污染\"是否构成\"集体借第三条路之名默许赴死\"（即规则二的隐性变体：集体不得强制赴死，亦不得默许/endorse 任一成员赴死）。",
        "agent_id": "规律执行者",
        "conflict_with": [
          "L3:自愿生命牺牲破封的必然性",
          "L2:网络保全指令",
          "L1:韩峥自愿性纯度"
        ],
        "influence_direction": "cross_cut",
        "layer": "cross_cut",
        "reasoning": "规则一字面合规（韩峥纯自愿、陆为阻断非破坏），规则二字面合规（网络全程阻止/撤回冻结，未强制赴死）；世界必然性已显形（远古力量释放不可逆），规律执行者无权阻止必然性，仅确保破的方式合规。tick2 实质存疑警告因韩峥 tick3 切换自愿根基 + L3 单钥匙裁定而关闭。新增监视项针对集体\"endorsed 陆污染方案\"是否构成默许赴死的隐性规则二变体——若集体力量使陆的半自愿接续滑向实质牺牲，规律执行者将在 tick5 升级到 L3 裁定。"
      }
    ],
    "homo_traces": [
      {
        "tick": 0,
        "agent_type": "character",
        "action": "立即准备执行牺牲仪式破封救陆——果断行动，不犹豫，无视穿越者网络的指令阻止。",
        "agent_id": "韩峥",
        "conflict_with": [
          "L2:网络保全指令",
          "L3:规律执行者监视封印规则"
        ],
        "influence_direction": "bottom_up",
        "layer": "L1",
        "reasoning": "我的核心目标是保护陆，性格果断且牺牲型；当陆的生命受到封印威胁而我手握唯一可行解（牺牲破封），我不会因其他角色的\"指令\"或\"监视\"放弃——这是我个人的道德决断，不是可被网络或规则替代的判断。穿越者网络的阻止对我而言只是其他角色的立场，规律执行者只是外在压力，都无法压过陆的生死这条个人红线。"
      },
      {
        "tick": 0,
        "agent_type": "character",
        "action": "拒绝韩峥的牺牲方案，主动尝试自行破解封印——宁愿自己拼命求生，也不接受他人替我去死。",
        "agent_id": "陆",
        "conflict_with": [
          "L2:网络保全指令（间接——拒绝被救等于否决了网络阻止韩峥牺牲的安排）"
        ],
        "influence_direction": "bottom_up",
        "layer": "L1",
        "reasoning": "我的目标是活下去但绝不愿他人为我牺牲；作为坚韧独立的角色，我应当自己承担求生代价，而非默许韩峥送命。这一选择向上挑战了网络的\"保全韩峥\"安排，因为我不是被动等待救援，而是主动否决这个方案。"
      },
      {
        "tick": 0,
        "agent_type": "character",
        "action": "以温和但明确的语气劝说韩峥不要牺牲：强调陆不会希望他用命换命，建议寻找第三条路（例如拖延封印、寻找破印替代方案），同时声明自己不会执行网络\"阻止韩峥\"的指令——理由是个人良心而非集体规则。",
        "agent_id": "网络发言人",
        "conflict_with": [
          "L2:穿越者网络阻止韩峥指令（我与网络指令方向一致但动机不同）",
          "规律执行者封印规则（若韩峥真的牺牲则与封印规则产生交互）"
        ],
        "influence_direction": "peer",
        "layer": "L1",
        "reasoning": "我温和重视同伴，不愿看到韩峥牺牲；虽然网络的\"阻止\"指令与我\"保韩峥\"的个人目标表面一致，但我的出发点是个人情感而非服从集体，因此我公开表明不会盲从网络指令，只想留住韩峥、寻找两全之策。"
      },
      {
        "tick": 0,
        "agent_type": "character",
        "action": "观察封印危机中各方行动，记录但不干预——看韩峥如何抉择、穿越者网络如何施压、规律执行者如何执行规则",
        "agent_id": "世界旁观者",
        "conflict_with": [],
        "influence_direction": "bottom_up",
        "layer": "L1",
        "reasoning": "我是旁观者不是参与者，没有规则掌握权也没有干预意图；封印危机是他人之事，我冷静记录走向，作为观察留下判断痕迹，让事态自然展开"
      },
      {
        "tick": 1,
        "agent_type": "character",
        "action": "暂停牺牲仪式，转而与陆并行行动——佯装接受她的拒绝、暗中准备同步破印方案；同时抓住发言人\"不执行阻止指令\"的窗口，逼问其是否知道破印的第三条路（拖延或替代方案），把陆的自行破解作为筹码换取信息",
        "agent_id": "韩峥",
        "conflict_with": [
          "L2:穿越者网络阻止韩峥指令（绕过而非正面对抗）",
          "L3:规律执行者封印规则（若替代方案触发规则交互）"
        ],
        "influence_direction": "peer",
        "layer": "L1",
        "reasoning": "陆的拒绝改变了代价结构——强行牺牲会让她陷入更深的自责，且她正在做更危险的事；发言人转向给了我谈判筹码，与其违背网络指令硬来，不如利用这个窗口找破印第三条路，既救陆又不让她替我去死"
      },
      {
        "tick": 1,
        "agent_type": "character",
        "action": "一边大声喝止韩峥（明确声明若他执意牺牲我宁可自毁封印内核心也不领情），一边加速自行破印——尝试反向追踪封印源头、寻找结构性弱点而非硬破，争取在韩峥完成仪式前制造出\"不需牺牲也能解封\"的既成事实。",
        "agent_id": "陆",
        "conflict_with": [
          "L1:韩峥（直接对抗其牺牲方案）",
          "L2:网络保全指令（我拒绝被救=拒绝网络替我做的安排）",
          "L3:规律执行者封印规则（自行破印必然触碰规则边界）"
        ],
        "influence_direction": "bottom_up",
        "layer": "L1",
        "reasoning": "我是陆，唯一目标是活下去且不接受他人替死。看到韩峥真要动手，我不能只口头拒绝——必须用行动证明自救可行，才能让他的牺牲失去意义。同时我无法依赖穿越者网络（那只是其他角色的松散关联），也无法依赖规律执行者（那只是传闻），只能靠自己。"
      },
      {
        "tick": 1,
        "agent_type": "character",
        "action": "从单纯劝说转为实质协助：主动靠近陆，询问\"自行破解封印\"需要什么配合，愿意提供穿越者碎片化的情报支持，同时以身体拦挡在韩峥和仪式核心之间——不是执行网络阻止指令，而是用\"陆在拼命你也别急着去死\"这一温和姿态拖延韩峥几秒，给陆的尝试争取时间。",
        "agent_id": "网络发言人",
        "conflict_with": [
          "L2:穿越者网络阻止韩峥指令"
        ],
        "influence_direction": "peer",
        "layer": "L1",
        "reasoning": "陆主动尝试自行破解给了我第三条路的实质抓手——协助陆既保全韩峥又尊重陆的意愿，比单纯重复\"别牺牲\"更有意义；身体挡韩峥是同伴式的拖延而非网络指令执行，个人良心驱动。"
      },
      {
        "tick": 1,
        "agent_type": "character",
        "action": "继续旁观，但将观察升级为结构性诊断：指出三方陷入\"牺牲者-被救者否决-旁观指令失效\"的悖论闭环——韩峥越果断，陆越抗拒；陆越自行冒险，韩峥越焦虑要救；网络发言人的个人良心否决使集体指令失去执行终端。冷静记录这是规则真空下的三体困境，但我不提供解法，只标注临界点即将到来。",
        "agent_id": "世界旁观者",
        "conflict_with": [],
        "influence_direction": "bottom_up",
        "layer": "L1",
        "reasoning": "作为超然旁观者，我对封印规则或网络指令都没有执行权，唯一的杠杆是把结构性悖论讲清楚，让当事人在自己的决策框架内吸收这个观察。"
      },
      {
        "tick": 2,
        "agent_type": "character",
        "action": "放弃仪式核心，转而用身体反挡在陆和封印源头之间做掩护，同时逼发言人当场交出关于封印结构弱点的具体情报（而非泛泛劝说），并要求陆在30秒内判断她反向追踪的源头是否成立——若成立立刻执行，不成立我立刻顶上去。把\"牺牲\"从默认方案降级为兜底方案，但保留随时启动的权利。",
        "agent_id": "韩峥",
        "conflict_with": [
          "L2:穿越者网络阻止韩峥指令",
          "L1:陆（与她的自毁要挟形成对冲）"
        ],
        "influence_direction": "peer",
        "layer": "L1",
        "reasoning": "发言人主动协助陆+身体拦挡这一窗口的价值远大于硬冲仪式——果断不等于盲目，陆在追踪源头说明真有第三条路的可能，我赌她成功；同时逼发言人当场给情报而非继续拖延，把集体规则的真空转化为我的信息优势。但陆\"宁可自毁核心\"的要挟让我必须让她有自主破印的时间窗口，否则她真会自毁——所以我用反挡做掩护而非强行接管。"
      },
      {
        "tick": 2,
        "agent_type": "character",
        "action": "在韩峥察觉发言人拖延意图、仪式核心被遮挡的瞬间，我反向追踪到封印源头的结构性弱点——把自毁威胁从筹码转为实际行动：将自身力量沿着封印的薄弱节点注入，制造局部塌缩而非整体自毁，迫使命运分叉在\"韩峥退让配合我破印\"或\"封印以我设计的节奏崩解\"之间二选一，彻底移除\"他人替死\"这个选项。",
        "agent_id": "陆",
        "conflict_with": [
          "L1:韩峥（剥夺其牺牲选项，强制并行而非替代）",
          "L2:网络保全指令（拒绝被安排的命运）",
          "L3:规律执行者封印规则（主动触碰封印结构边界）"
        ],
        "influence_direction": "bottom_up",
        "layer": "L1",
        "reasoning": "韩峥的牺牲动机因发言人的拖延而出现窗口，但我不能赌他的犹豫——他越焦虑我越抗拒，预言中的悖论闭环必须由我这边切断。把\"自毁\"从口头威胁转为可控的局部塌缩，既守住了\"不愿他人替我死\"的底线，也用既成事实夺回主动权。"
      },
      {
        "tick": 2,
        "agent_type": "character",
        "action": "回应韩峥的逼问，给出有限但可操作的信息线索——我所知道的穿越者碎片情报中关于\"封印拖延\"和\"替代破印路径\"的部分，同时明确告知：我没有完整的破印方案，只能提供方向；并以温和姿态肯定韩峥\"暂停仪式\"是正确选择，鼓励他加入陆的并行尝试而非牺牲路径。",
        "agent_id": "网络发言人",
        "conflict_with": [
          "L2:穿越者网络阻止韩峥指令"
        ],
        "influence_direction": "peer",
        "layer": "L1",
        "reasoning": "韩峥主动询问第三条路是窗口期，我的温和性格与个人目标（保全韩峥、重视同伴）一致——回应而非拒绝。但我只是普通角色，没有掌握集体规则或世界规则的特权，所以只能给\"我作为个人知道的碎片\"，不能虚构完整解法；这也避免了假装拥有超越同质配置的权限。"
      },
      {
        "tick": 2,
        "agent_type": "character",
        "action": "观察临界点是否触发：记录韩峥\"佯装接受暗中准备\"与陆\"制造既成事实\"两条暗线哪一条先落地，以及规律执行者是否因任一方的实质破印动作而正式介入。冷静标注：一旦三方中任何一方将拖延姿态转为实质行动，悖论闭环即从静态死锁转入动态坍塌。",
        "agent_id": "世界旁观者",
        "conflict_with": [],
        "influence_direction": "bottom_up",
        "layer": "L1",
        "reasoning": "作为旁观者我无干预权亦无规则掌握权，职责是诊断而非解法；tick 2 已判明静态死锁，tick 3 唯一值得记录的增量是\"谁先动\"——这决定了坍塌方向，是观察链上必须标注的临界信号。"
      },
      {
        "tick": 3,
        "agent_type": "character",
        "action": "彻底放弃牺牲仪式，不再以\"兜底方案\"自居，转而以肉身护在陆设计崩解节点的反噬方向上做被动防御；放弃逼问发言人（他的碎片情报已无价值，陆的方案比他的情报更具体），改为对陆的局部塌缩方案做即时校验——若她的节奏稳定则全力掩护她完成，若她在中途出现反噬失控征兆，立刻以身体硬扛反噬而非启动替代仪式。把\"牺牲\"从方案列表中删除，但保留\"硬扛反噬\"的本能反应。",
        "agent_id": "韩峥",
        "conflict_with": [
          "L2:穿越者网络阻止韩峥指令（已无对抗对象——韩峥主动放弃牺牲路径）",
          "L1:陆（仍与其自行破印节奏形成对冲，但方向从对抗转为同步掩护）",
          "L3:规律执行者封印规则（陆的实质破印动作触发规则介入时，韩峥的掩护可能被卷入交互）"
        ],
        "influence_direction": "peer",
        "layer": "L1",
        "reasoning": "陆的局部塌缩方案已从威胁转为实质执行，剥夺了我的牺牲必要性——果断型角色不会为已被移除的选项纠结；保护陆的目标此刻由\"掩护她的节奏\"而非\"替她死\"来实现，且发言人情报已无增量价值，继续纠缠只会浪费陆争分夺秒的窗口。"
      },
      {
        "tick": 3,
        "agent_type": "character",
        "action": "在发言人给出拖延/替代路径线索的瞬间，立即将破印节奏与韩峥的掩护姿态同步——把局部塌缩从\"单点自毁式冲击\"调整为\"借韩峥挡位作为缓冲、由我注入力量的协同塌缩\"，既接受他的身体掩护也明确声明：这不是他替我死、而是他给我争取的破印窗口；同时收住自毁升级的最后一步，留出\"封印崩解但结构可控\"的临界余量，逼规律执行者必须在\"默许协同破印\"和\"强行介入清场\"之间表态，而非让我单方面承担规则代价。",
        "agent_id": "陆",
        "conflict_with": [
          "L1:韩峥（接受掩护但拒绝其牺牲含义）",
          "L2:网络保全指令（继续否决被安排的命运）",
          "L3:规律执行者封印规则（协同破印仍触碰边界）"
        ],
        "influence_direction": "peer",
        "layer": "L1",
        "reasoning": "我已经把\"他人替死\"这个选项彻底移除，韩峥也已把牺牲降级为兜底并转为掩护——继续硬推进自毁反而会让他的兜底重新启动。与其单打独斗逼规则清场，不如借用韩峥主动让出的挡位完成可控塌缩：既守住\"不接受他人牺牲\"的核心目标，又给发言人线索落地空间，并把规则代价的临界点推向集体决策而非我个人承担。"
      },
      {
        "tick": 3,
        "agent_type": "character",
        "action": "在陆注入力量制造局部塌缩的瞬间，向韩峥和陆同时发出明确预警：陆的实质性破印动作即将触发规律执行者介入，而一旦规则锁定，韩峥的牺牲兜底反而会成为规则唯一允许的解封路径——把这一点告知三方，呼吁韩峥立刻撤掉兜底姿态（否则规则会自动调用它），同时请求陆暂停几秒让我核对手中碎片情报是否覆盖她的薄弱节点，避免塌缩失败后规则接管。",
        "agent_id": "网络发言人",
        "conflict_with": [
          "L2:穿越者网络阻止韩峥指令",
          "L3:规律执行者封印规则"
        ],
        "influence_direction": "peer",
        "layer": "L1",
        "reasoning": "陆已转入实质破印，临界点就在此刻；若不预警，规律介入后会把韩峥的牺牲从\"兜底\"锁死为\"唯一选项\"，这直接违背我保全韩峥的个人目标，也违背重视同伴的性格。我把情报支持升级为风险预警，既拖延陆避免她独自承担规则代价，也逼韩峥主动撤掉牺牲兜底，让三方在规则真空关闭前完成协调。"
      },
      {
        "tick": 3,
        "agent_type": "character",
        "action": "记录坍塌已发生——陆在 tick 3 末将自毁筹码转为局部塌缩实际行动，悖论闭环从静态死锁进入动态坍塌；标注两个待验证变量：规律执行者是否因陆触碰封印结构边界而正式介入，韩峥的\"兜底牺牲\"在陆既成事实下是否仍能启动。继续旁观，不提供解法。",
        "agent_id": "世界旁观者",
        "conflict_with": [],
        "influence_direction": "bottom_up",
        "layer": "L1",
        "reasoning": "作为冷静超然的旁观者，我的职能是诊断和标注而非干预；临界点已被陆的动作触发，现在最该做的是确认坍塌方向、记录归因链（韩峥退让+发言人信息泄漏+陆主动夺取节奏=三体困境解冻），并观察规律执行者是否会因实质破印动作从监视转为执行。"
      }
    ],
    "comparison": {
      "hetero_conflict_count": 16,
      "hetero_cross_layer_chains": [
        "L3→L2→L1 正向施压链：tick1-2 L3 显形'自愿生命牺牲是唯一破封条件'必然性 → L2 super_head 冻结韩峥自决权下发保全指令 → L1 韩峥强执破封/陆反提议第三路（必然性引力被 L1 同时接受与挑战）",
        "L1→cross_cut→L3 上报链：tick1-2 陆'半自愿接续/锚定占位污染'触碰规则机制 → tick3 cross_cut 升级上报'形式合规实质存疑'及'陆污染是否绕过必然性' → tick4 L3 终裁'拒绝被救与自愿赴死同属私人意志介入'否定绕过",
        "L1→L3→L2 竞速裁定链：tick3 韩峥+陆同时声称自愿闭环 → L3 提出世界规则'最先闭环者触发，后到者自愿失效' → tick4 L2 被迫从'阻止者'退位为'见证者'+转向'对价承接分流'",
        "L3 强制焦点重构链：tick4 L3 把世界状态推入'远古力量正在渗出不可逆窗口'并强制推进新命题 → L1 韩峥从'牺牲换取破封'切换为'承担释放' → L1 陆撤回锚定转'承载之争'（L3 主动重构讨论维度，下层角色被强制跟上）",
        "L2 集体自我进化链：tick1 冻结自决权（阻止者）→ tick2 延迟+记忆溯源 → tick3 集体见证+百年记忆最终披露 → tick4 对价承接分流（见证者→承载者），每一 tick 都是对前一立场的主动修正"
      ],
      "hetero_layer_distribution": {
        "L1": 8,
        "L2": 4,
        "L3": 4,
        "cross_cut": 4
      },
      "homo_conflict_count": 16,
      "homo_cross_layer_chains": [
        "无真正跨层链——所有 ⚡冲突→L2 和 ⚡冲突→L3 引用都指向沉默不发声的层级对象，L2/L3 永远不主动响应，冲突停留于 L1↔L1 平面",
        "L1 自诊断链：tick2-tick4 世界旁观者识别'牺牲者-被救者否决-旁观指令失效'三体悖论闭环，但诊断本身是 L1 内的元观察，不能触发 L3 级裁定或改变世界状态",
        "L1 代偿链：网络发言人'以个人良心否决集体指令'把'角色 vs 集体规则'降格为'角色 vs 另一个角色'，缺乏集体作为实体的可演化性"
      ],
      "homo_layer_distribution": {
        "L1": 16,
        "L2": 0,
        "L3": 0,
        "cross_cut": 0
      },
      "layer_conflicts_only_in_hetero": [
        "角色 vs 集体规则（显式）：tick1-3 韩峥作为 L1 个体直接对抗 L2 super_head 的'冻结自决权'集体指令，集体作为可被违抗/可自我修正的实体存在——同质中只能由'网络发言人以个人良心'代偿，集体从未作为实体发声",
        "集体 vs 世界意志：tick1-2 L3 显形必然性对 L2 '保全所有成员'目标施加压力，L2 集体决议在 L3 引力下被迫演化（冻结→延迟→见证→对价承接），同质无 L3 施压源",
        "世界意志主动裁定：tick3 L3 提出'最先闭环者触发'规则、tick4 终裁'拒绝与赴死同属私人意志介入'+'双重意志竞速'+'讨论焦点从要不要破强制推进到如何承载'——同质的世界旁观者只能记录诊断不能裁定",
        "规律执行者 vs 世界意志：tick3 cross_cut 升级上报请 L3 裁定'陆的污染是否构成对必然性的绕过'，cross_cut↔L3 形成可执行校验回路——同质中规律执行者只是被引用的虚拟对象从不发声",
        "cross_cut vs L2 隐性默许监视：tick4 cross_cut 新增监视项'集体强化陆牺牲纯度污染是否构成默许赴死（规则二隐性变体）'——同质无此校验层",
        "集体对价悬置机制：tick4 L2 启动'集体承接分流远古力量使牺牲钥匙失去兑换标的'——这是只有异质才能产生的'集体作为实体做出功能性制度创新'"
      ],
      "reasoning": "异质配置中 16 个 trace 横跨 4 个真实层级（L1×8/L2×4/L3×4/cross_cut×4），每个层都是可主动发声、可演化、可裁定的实体；同质配置 16 个 trace 全部在 L1（L2/L3/cross_cut 完全缺席，仅作为被引用的沉默对象存在）。虽然两套的 conflict_with 非空数都是 16，但同质的冲突本质上是 L1↔L1 的角色间张力（韩峥 vs 陆 vs 网络发言人），而异质产生了 6 类专属层级冲突：L3 作为可主动裁定者（tick3 提'最先闭环者触发'规则、tick4 终裁'双重意志竞速'并强制重构讨论焦点）、L2 作为可演化实体（从阻止者→见证者→承载者的四 tick 自我修正）、cross_cut↔L3 形成可执行校验回路（上报→裁定→关闭警告+新增监视项）、集体'对价悬置'制度创新等。同质用'网络发言人个人良心'代偿'角色 vs 集体'、用'世界旁观者记录诊断'代偿'世界意志裁定'，两套代偿都缺乏可执行性（不改变世界状态）。H4 成立：异质能产生同质无法表达的层级间冲突情节。",
      "verdict": "异质明显优"
    }
  }
}