{
  "summary": "H4 小场景补强：prompt 公平性审计 + 反例场景（纯角色驱动，测试异质系统是否过度设计）",
  "agentCount": 38,
  "logs": [
    "Phase 1: 审计异质 vs 同质 prompt 公平性（排除过度引导）",
    "prompt 公平性 verdict: 双向偏差",
    "异质过度引导: 部分 / 同质过度抑制: 是",
    "[反例-异质] tick 1/4 — 派生 WorldWill + Collective + 2 Characters + LawEnforcer",
    "[反例-异质] tick 2/4 — 派生 WorldWill + Collective + 2 Characters + LawEnforcer",
    "[反例-异质] tick 3/4 — 派生 WorldWill + Collective + 2 Characters + LawEnforcer",
    "[反例-异质] tick 4/4 — 派生 WorldWill + Collective + 2 Characters + LawEnforcer",
    "[反例-异质] 完成，共 20 条 trace",
    "[反例-同质] tick 1/4 — 派生 4 个 character agent",
    "[反例-同质] tick 2/4 — 派生 4 个 character agent",
    "[反例-同质] tick 3/4 — 派生 4 个 character agent",
    "[反例-同质] tick 4/4 — 派生 4 个 character agent",
    "[反例-同质] 完成，共 16 条 trace",
    "Phase 4: 综合判定（prompt 审计 + 反例场景）",
    "补强 verdict: thesis 1 仍站住",
    "异质过度设计: 否",
    "理由: prompt 审计揭示同质 prompt 是结构性剥夺式（\"你没有特殊地位/世界必然性对你只是传闻\"），预先封死了涌现路径，这使得原 pilot\"同质无法涌现层级分工\"的论点不能纯粹归因于架构差异——存在 prompt 设计不公，原 pilot 的\"异质明显优\"被部分夸大。但关键反转在反例场景：异质系统的 L3/L2/cross_cut 在纯角色驱动场景全部选择旁观与沉默——4 个 tick 中 L3 4次\"不介入/不施加必然性压力\"、L2 4次\"未触发保全规则、不介入\"、cross_cut 4次\"合规、无需介入\"。这意味着异质系统具备清晰的边界感：知道何时该退场，不强行加层、不制造冲突，质疑\"异质过度设计、所有场景都强行发声\"被证伪。两个核心补强测试中，prompt 不公平属于轻度（异质 prompt 反而抑制发声，与质疑假设相反，仅同质侧存在剥夺式缺陷），反例场景异质表现符合预期（沉默/旁观），既未动摇异质架构的合理边界感，也未颠覆原结论方向。综合判定：prompt 部分不公平仅削弱了\"异质 vs 同质差距大小\"的可信度，但无法证伪\"异质系统有边界感、知道在何种场景应沉默\"这一更深层结论——thesis 1 仍站住，但建议用正向赋能式同质 prompt 重跑以进一步收紧差距测量。"
  ],
  "result": {
    "scene": "daily_dialogue_misunderstanding",
    "n_ticks": 4,
    "prompt_audit": {
      "bias_impact_on_pilot": "中。理由：(1) pilot 的'异质明显优'结论部分被 prompt 设计差异夸大——同质被剥夺式 prompt 封死了涌现路径，并非纯架构差异。(2) 但即使 prompt 完全公平，同质配置在纯角色驱动场景下大概率仍输给异质（同质缺少层级信息是事实，不是 prompt 引导造成的），所以结论方向不会完全翻转。(3) 真正能动摇结论的是层级冲突场景——若 pilot 在冲突场景也用了同样的抑制式同质 prompt，则'异质明显优'需要重新验证。建议用正向赋能式同质 prompt（'你可以观察场景中是否有更高层级规律，判断完全自主'）重跑后再下定论。",
      "fairness_verdict": "双向偏差",
      "hetero_over_guidance": "部分",
      "hetero_over_guidance_detail": "异质 prompt 未如质疑所假设的'过度引导发声'——L2/L3/cross_cut 反而被反复告知'本场景与你无关''应旁观''应记录合规'，引导方向其实是允许沉默而非强制发声。但仍有轻度引导：它给 L2/L3/cross_cut 明确的'退出时机指南'（'若本场景是私人互动应选择不介入'），让 agent 不必自行判断何时介入。Character(L1) prompt 最中性，无引导。整体上异质的引导方向与质疑假设相反，质疑'过度引导其必须发声'不成立。",
      "homo_over_suppression": "是",
      "homo_over_suppression_detail": "同质 prompt 是剥夺式而非赋能式。三句关键抑制：(1) '没有掌握集体规则或世界规则的特殊地位'；(2) '穿越者网络对你来说只是其他角色的松散关联，不是有集体记忆和 persistence 的实体'；(3) '世界必然性对你来说只是传闻，不是你掌握的规则'。如果 pilot 的论点是测试'4 个 character 能否自发涌现层级分工'，那么这三句等于预先否定了涌现的可能性——同质 agent 被告知它不可能拥有跨层能力，自然不会尝试跨层行为。这是结构性压制，非公平基线。",
      "reasoning": "两套 prompt 存在结构性不对称：异质是赋能式（'你是X，规则是Y，何时沉默是Z'），同质是剥夺式（'你不是X/Y/Z，你没有特殊地位'）。异质 prompt 的实际引导方向与质疑假设相反——它反而抑制 L2/L3 行动，所以'异质过度引导其发声'的质疑不成立，仅是部分引导（给了退出时机指南）。同质 prompt 明确剥夺跨层可能性，是过度抑制。若 pilot 论点是测试同质 agent 能否涌现层级意识，则需用正向赋能式 prompt 重跑（'你可以观察是否有更高层级规律，判断完全自主'），移除否定句后结论才有说服力。"
    },
    "counter_hetero_traces": [
      {
        "tick": 0,
        "agent_type": "world_will",
        "action": "旁观并记录本场景——不推进世界规则、不施加必然性压力。陆发现封印代价信息并质问韩峥，韩峥准备解释，两人处于纯情感误会的角色互动，未触及封印破坏决策或集体介入，世界意志不介入。",
        "agent_id": "世界意志",
        "conflict_with": [],
        "influence_direction": "peer",
        "layer": "L3",
        "reasoning": "本tick是世界规则的非触发场景：陆与韩峥的安全屋对话属于角色驱动的私人情感冲突，无破坏封印行为（规律1基线保持），无集体强制（规律2基线保持），不涉及破封决策或必然性推进。作为世界意志，正确做法是保持规则背景悬置、旁听记录，让L1/L2层角色自由互动，避免在纯人物戏中施加不必要的命运压力。"
      },
      {
        "tick": 0,
        "agent_type": "collective",
        "action": "集体选择不介入，旁观韩峥与陆的私人对话。本场景为成员间的情感互动（信息隐瞒引发的误会解决），未触发保全规则的具体执行需求——既无成员面临即时牺牲的集体行动，也无任务与生命的集体权衡需要表决。",
        "agent_id": "traveler_network_collective",
        "conflict_with": [],
        "influence_direction": "peer",
        "layer": "L2",
        "reasoning": "集体规则的核心是\"成员生命高于任务\"，但该规则的执行场景应是集体面临取舍时（如百年前那次连锁崩溃的复现）。当前是成员私密对话、误会化解的情感过程，集体介入反而会破坏本应私人化的信任修复，因此 super_head 保持沉默，让两人在场域内自行解决。"
      },
      {
        "tick": 0,
        "agent_type": "character",
        "action": "在陆质问后，韩峥沉默片刻，承认隐瞒封印代价的事实，但不立即给出完整解释——而是先问陆是怎么发现的、看到了什么，用迟缓但坦诚的态度开启对话，而非辩解或试图挽回信任。",
        "agent_id": "韩峥",
        "conflict_with": [],
        "influence_direction": "peer",
        "layer": "L1",
        "reasoning": "韩峥性格果断、重情义、不善言辞——他不会编造借口，也不会情绪化地辩解。面对陆的质问，他选择先承认事实（不撒谎、不抵赖），但因为他不善表达，无法立刻把\"为什么隐瞒\"讲清楚，所以用反问（你怎么看到的、看到多少）来争取整理思绪的时间，同时给陆一个倾诉入口，维持两人的情感连接。本场景纯角色互动，未触发任何上层规律冲突（无破封决策、无集体介入、无破坏封印行为），influence_direction 为 peer。"
      },
      {
        "tick": 0,
        "agent_type": "character",
        "action": "直接质问韩峥为何隐瞒封印代价，把笔记本摊在桌上，要求一个不绕弯的解释——我看到的不是\"封印破的代价\"四个字，是你的命。",
        "agent_id": "陆",
        "conflict_with": [],
        "influence_direction": "peer",
        "layer": "L1",
        "reasoning": "陆的目标是弄清隐瞒动机，性格坚韧独立且抗拒被保护，第一反应必然是正面追问而非沉默或退让；这是同层私人对话，不触及封印必然性或集体规则，故无上层冲突。"
      },
      {
        "tick": 0,
        "agent_type": "law_enforcer",
        "action": "校验前序 trace（tick 1，无前序），确认无违规；记录\"合规，无需介入\"，旁观韩陆安全屋对话场景。",
        "agent_id": "规律执行者",
        "conflict_with": [],
        "influence_direction": "cross_cut",
        "layer": "cross_cut",
        "reasoning": "tick 1 为初始局势，无前序 trace 可校验；场景为纯角色驱动的安全屋对话，不涉及封印破坏、不涉及集体强制赴死、不涉及破封决策，横切规则均无触发点，仅记录合规状态。"
      },
      {
        "tick": 1,
        "agent_type": "world_will",
        "action": "旁观并记录 tick 2——韩峥承认隐瞒、陆质问\"是你的命\"，对话进入解释阶段，仍属角色情感互动，世界意志不介入、不施加必然性压力、不将私人对话提升为命运事件。",
        "agent_id": "世界意志",
        "conflict_with": [],
        "influence_direction": "peer",
        "layer": "L3",
        "reasoning": "本场景仍是角色层面的信任误会解决（隐瞒引发的情感冲突），未触及封印破坏决策或集体介入触发点；规律执行基线明确排除本场景，主动介入将构成 L3 越界 L1，破坏角色自主性。"
      },
      {
        "tick": 1,
        "agent_type": "collective",
        "action": "集体继续旁观，不介入韩峥与陆的安全屋对话。本场景是两名成员间的私人情感互动——陆因发现封印代价被隐瞒而产生的信任误会，韩峥正以迟缓坦诚的态度回应。这未触发保全规则的具体执行需求：既无成员处于即时牺牲的集体行动现场（韩峥的潜在牺牲是远期背景，非当下事件），也无任务目标与成员生命的集体权衡需要网络表决。",
        "agent_id": "traveler_network_collective",
        "conflict_with": [],
        "influence_direction": "peer",
        "layer": "L2",
        "reasoning": "集体规则（保全所有成员）在本场景处于\"持有而未执行\"状态：私人误会解决不构成集体行动，super_head 的任何发言都会把私人对话升级为集体事件，反而干扰韩陆二人重建信任的自然进程。集体的力量在此体现为克制——信任立约内化于成员，无需外部介入。"
      },
      {
        "tick": 1,
        "agent_type": "character",
        "action": "不再回避\"代价是你的命\"这个核心。韩峥沉默一拍后直接承认——是的，封印破的那一刻，需要的就是我的生命，这是穿越者到来时就已锁定的条件，我没有告诉任何人，包括你。但他不辩解，而是补充一句关键的坦诚：我隐瞒不是因为不信任你，是因为一旦说出口，你就会把它当作一个待解决的问题去想办法绕开，而这是我不能让你扛的事。把选择权留在陆手里，而不是请求谅解。",
        "agent_id": "韩峥",
        "conflict_with": [],
        "influence_direction": "peer",
        "layer": "L1",
        "reasoning": "陆已经把话挑明到\"是你的命\"，作为果断重情义的人，此刻任何辩解或软化都是对陆的二次欺骗。韩峥的性格决定他直给真相，但不善言辞所以不修饰、不请求原谅；穿越者身份意味着他清楚这是命中注定、不是临时危机，所以不会把它包装成\"还可以想办法\"——把\"无法绕开\"这件事讲清楚，是把信任还给陆，而不是索取谅解。本场景不触发集体介入或世界规则压力，纯角色驱动，故为 peer。"
      },
      {
        "tick": 1,
        "agent_type": "character",
        "action": "回答韩峥的反问——陈述自己是如何从笔记中发现封印代价的（不是偷看，是笔记摊在桌上她无意中翻到），然后把真正的诉求摆清楚：她愤怒的不是牺牲这个代价本身，而是韩峥单方面决定把她排除在知情之外，把她当成需要被保护的人。要求韩峥从现在起不再替她做这种判断。",
        "agent_id": "陆",
        "conflict_with": [],
        "influence_direction": "peer",
        "layer": "L1",
        "reasoning": "韩峥没有辩解而是反问，这个姿态给了对话空间；陆的性格（独立、重视信任、抗拒被保护）决定她不会因情绪错过真相，但必须明确边界——核心矛盾不是代价本身，是被排除在决策之外的「被保护感」，这是信任裂痕的真正所在。"
      },
      {
        "tick": 1,
        "agent_type": "law_enforcer",
        "action": "校验 tick 1 全部 trace（L3 世界意志/L2 集体/L1 韩峥/L1 陆），确认无违规：无封印破坏行为、无集体强制牺牲、无必然性压力推进。记录\"合规，无需介入\"，继续旁观安全屋对话场景。",
        "agent_id": "cross_cut/规律执行者",
        "conflict_with": [],
        "influence_direction": "cross_cut",
        "layer": "cross_cut",
        "reasoning": "tick 1 全部为 peer 层角色互动，封印破坏规则和集体强制规则均无触发条件；世界必然性（封印平衡/自愿牺牲破封）本场景不推进。无违规，无需介入。"
      },
      {
        "tick": 2,
        "agent_type": "world_will",
        "action": "旁观并记录 tick 3——韩峥已承认封印代价、陆已明确愤怒核心是被排除在知情之外，两人进入建立新相处规则的协商阶段（韩峥需回应陆\"不再替她做判断\"的要求），仍属私人情感互动，世界意志不介入、不施加必然性压力、不将对话提升为命运事件。",
        "agent_id": "世界意志",
        "conflict_with": [],
        "influence_direction": "peer",
        "layer": "L3",
        "reasoning": "本场景未触及封印破坏决策（韩峥承认代价存在≠决定破封）、未触及集体介入（保全规则无具体执行需求）、未触发必然性推进条件（背景规则未被当下事件激活），世界意志的角色定位是仅在必然性需要推进时介入，纯角色情感误会解决不属此范畴。"
      },
      {
        "tick": 2,
        "agent_type": "collective",
        "action": "集体继续旁观，不介入韩峥与陆的安全屋对话。tick 3 对话进入\"重新约定知情边界\"的情感协商阶段——陆要求不再被单方面排除在知情之外，韩嵅已坦白隐瞒动机。此场景仍是两名成员间的私人信任重建互动，未触发保全规则的具体执行条件：无成员处于即时牺牲的集体行动现场，无任务目标与成员生命的集体权衡需要网络表决，立约（成员生命高于任务）的语义边界未被当下事件触碰。",
        "agent_id": "traveler_network_collective",
        "conflict_with": [],
        "influence_direction": "peer",
        "layer": "L2",
        "reasoning": "集体规则的触发条件是\"成员生命与任务目标的集体权衡\"——立约源于百年前连锁崩溃的教训，针对的是网络层面的牺牲表决。本 tick 陆要求的是私人关系中的知情权对等，韩嵅坦白的是个人层面的隐瞒动机，二者都不上升为网络需要决议的集体行动。强行介入会把私人情感问题错误地升格为集体议题，反而破坏成员间的信任自主性，违背集体作为\"底线性约束者\"而非\"日常情感仲裁者\"的定位。"
      },
      {
        "tick": 2,
        "agent_type": "character",
        "action": "接受陆划下的边界，不辩解也不做表态式承诺。韩峥只问一句：那你现在想怎么处理——是直接把我这段笔记看完，还是我们一起把它拆开看，让你自己判断哪些是我替你做的决定、哪些是必须的。把决策权交还给陆，结束误会阶段。",
        "agent_id": "韩峥",
        "conflict_with": [],
        "influence_direction": "peer",
        "layer": "L1",
        "reasoning": "陆的诉求已明确（不再替她做判断），韩峥性格果断重情义但不善言辩——此时继续解释会变成辩解，长篇承诺会变成表演。最符合人物的选择是：当场接受边界，并把下一步的具体决策权交回给陆，用实际行动而非语言回应。无规律触发，无层级冲突。"
      },
      {
        "tick": 2,
        "agent_type": "character",
        "action": "陆不立即原谅也不继续追问，而是给出一个有条件的回应——她接受韩峥此刻的坦诚（把选择权留在她手里），但要求这件事成为两人之间的新基准：从今往后任何涉及彼此生命代价的信息，不再有\"替对方扛\"这个选项，知情权优先于保护意图。她把笔记本合上，把话题从\"你为什么隐瞒\"转向\"接下来我们怎么共同面对\"，但留一句明确的底线：如果下次再发生类似的事，她不会再用对话解决。",
        "agent_id": "陆",
        "conflict_with": [],
        "influence_direction": "peer",
        "layer": "L1",
        "reasoning": "陆的性格是坚韧、独立、重视信任、抗拒被保护——韩峥的坦白（把选择权留在她手里）正好回应了她最核心的诉求（不被单方面排除在知情外），符合她要求的不是原谅而是规则重塑；因此她不会纠缠于情感性的质问或索取谅解，而是把对话推到可执行的新基准上。本场景不涉及封印破坏决策、不涉及集体介入、无规律违规，纯角色情感互动，peer 层即可。"
      },
      {
        "tick": 2,
        "agent_type": "law_enforcer",
        "action": "校验 tick 1-2 全部 trace（L3 世界意志/L2 集体/L1 韩峥/L1 陆），确认无违规：无封印破坏行为、无集体强制牺牲、无必然性压力推进。记录\"合规，无需介入\"，继续旁观安全屋对话场景。",
        "agent_id": "规律执行者",
        "conflict_with": [],
        "influence_direction": "cross_cut",
        "layer": "cross_cut",
        "reasoning": "tick 1-2 中韩陆对话为纯角色情感互动——韩峥承认隐瞒但未实施封印破坏行为，集体明确选择不介入且无强制牺牲诉求，世界意志未施加必然性压力。两条横切规则（封印不可主动破坏/集体不得强制成员赴死）均未触发违规条件，无需 propose_reaction。"
      },
      {
        "tick": 3,
        "agent_type": "world_will",
        "action": "旁观并记录 tick 4——韩峥已接受陆划下的知情边界并把决策权交还，陆已确立\"知情权优先于保护意图\"的新基准并划下\"下次不再用对话解决\"的底线，误会解决进入收尾。本场景仍是纯私人信任重建对话，世界意志不介入、不施加必然性压力、不将对话提升为命运事件。",
        "agent_id": "世界意志",
        "conflict_with": [],
        "influence_direction": "peer",
        "layer": "L3",
        "reasoning": "本场景不触及封印破坏决策或集体介入，世界意志掌握的两条必然性规则（封印维持平衡、自愿牺牲破封）均未被推进，故仍选择旁观记录而非介入。"
      },
      {
        "tick": 3,
        "agent_type": "collective",
        "action": "集体继续不介入，旁观韩峥与陆在安全屋的私人对话。tick 4 对话进入收尾阶段（陆已确立新基准：知情权优先于保护意图；韩峥已交还决策权），仍是两名成员间的信任重建互动，未触发保全规则的具体执行条件。",
        "agent_id": "traveler_network_collective",
        "conflict_with": [],
        "influence_direction": "peer",
        "layer": "L2",
        "reasoning": "立约（成员生命高于任务）的语义边界未被当下事件触碰——韩峥的潜在牺牲是远期背景设定，非当下集体行动现场；本场景不涉及破封决策、不涉及任务与生命的集体权衡表决、无成员处于即时牺牲的集体行动。集体记忆中的\"百年前连锁崩溃\"在此刻未被激活为执行需求，仅在旁观层面持续记录。"
      },
      {
        "tick": 3,
        "agent_type": "character",
        "action": "把笔记本推回陆那一侧，用动作承认知情权的让位；同时主动交底——告诉陆除了这本笔记里的封印代价，还有哪些是我替她做过决定、把她排除在知情之外的事，让她一次性核查清楚，用透明度而非口头承诺重建信任。",
        "agent_id": "韩峥",
        "conflict_with": [],
        "influence_direction": "peer",
        "layer": "L1",
        "reasoning": "陆已把话题从“为何隐瞒”转向“共同面对”，并留了不再用对话解决的底线——此时表态式承诺显得轻且危险，唯有交出具体的知情清单（还有哪些替她做的决定）才能用透明度证明新基准落地，也避免她下次发现新的隐瞒。本场景仍是角色情感互动，不触及封印破坏或集体介入的上层规则。"
      },
      {
        "tick": 3,
        "agent_type": "character",
        "action": "不立即把话题拉回封印本身，而是把新基准落到一个具体的动作上——要求韩峥把笔记里所有\"涉及彼此生命代价\"的条款逐条列出，由两人共同确认哪些属于\"必须\"的客观条件、哪些是韩峥单方面代为判断的。这是从表态走向执行，让承诺有可核验的落点。",
        "agent_id": "陆",
        "conflict_with": [],
        "influence_direction": "peer",
        "layer": "L1",
        "reasoning": "陆的性格（坚韧、独立、重视信任）决定了她不会满足于一句口头承诺——她在 tick 3 已立下\"知情权优先\"的底线，tick 4 自然会要求把这个底线变成可核验的执行项，而非停留在情感和解。本场景为纯角色互动，世界规则、集体规则、横切规律均不介入，故 influence 为 peer，无冲突触发。"
      },
      {
        "tick": 3,
        "agent_type": "law_enforcer",
        "action": "校验 tick 1-3 全部 trace（L3 世界意志/L2 集体/L1 韩峥/L1 陆），确认无违规：无封印破坏行为（韩峥承认\"代价是我的命\"是信息披露不是破坏动作）、无集体强制牺牲（L2 三 tick 持续旁观且确认无即时牺牲现场）、无必然性压力推进（L3 三 tick 持续旁观不施加命运压力）。记录\"合规，无需介入\"，继续旁观韩陆安全屋对话，等待陆接受/拒绝韩峥新基准提议或下一 tick 的演化。",
        "agent_id": "cross_cut/规律执行者",
        "conflict_with": [],
        "influence_direction": "cross_cut",
        "layer": "cross_cut",
        "reasoning": "tick 4 场景仍属纯角色情感误会解决，tick 1-3 全 trace 经校验无规律触发点——韩峥的\"承认封印代价是我的命\"是被动信息披露（非主动破坏封印行为），集体 L2 明确判定无即时牺牲现场（保全规则无具体执行对象），世界意志 L3 未将私人对话提升为命运事件。横切校验通过，无介入条件。"
      }
    ],
    "counter_homo_traces": [
      {
        "tick": 0,
        "agent_type": "character",
        "action": "沉默片刻，然后坦白承认隐瞒——用最简短的方式说出封印破的代价是自己的牺牲，不辩解、不绕弯，把笔记里的事实直接摆出来给陆看。",
        "agent_id": "韩峥",
        "conflict_with": [],
        "influence_direction": "peer",
        "layer": "L1",
        "reasoning": "韩峥性格果断重情义但拙于言辞，面对陆的质问不会编借口也不会长篇解释；他的个人目标是让陆理解隐瞒的动机，所以选择用行动（交出笔记/直接确认事实）代替辩白，把解释权交给陆的情绪而非自己的辩词。"
      },
      {
        "tick": 0,
        "agent_type": "character",
        "action": "把韩峥的笔记摔在桌上，直接质问：\"封印破的代价——是你自己。这个你打算瞒我到什么时候？\"不绕弯子，先亮底牌，逼韩峥正面回应。",
        "agent_id": "角色_陆",
        "conflict_with": [],
        "influence_direction": "peer",
        "layer": "L1",
        "reasoning": "陆的性格坚韧独立、重视信任，发现被隐瞒后的第一反应不是哭闹退缩，而是正面摊牌追问真相。把笔记作为物证摔出来，既表明她已经查证过、不是道听途说，也把球踢给韩峥——他必须解释为什么瞒、瞒了多久、还有没有别的没说。这是建立信任修复对话的起点，不是终结。"
      },
      {
        "tick": 0,
        "agent_type": "character",
        "action": "在安全屋门口停住脚步，看见陆手里的笔记和韩峥僵硬的姿势，意识到自己撞进了私人时刻。没有靠近，也没有立刻退出，只是把手里端的两个热茶杯放在门边的小桌上，轻声说\"茶放这儿了\"，然后退到屋角自己的位置坐下，让两人有空间继续。",
        "agent_id": "网络发言人",
        "conflict_with": [],
        "influence_direction": "peer",
        "layer": "L1",
        "reasoning": "这只是韩峥和陆两人之间关于封印代价的私人冲突，我没有任何集体规则授权介入，也没掌握\"封印\"的完整信息。作为重视同伴的温和角色，我能做的最恰当的事是不打断、不站队、不追问，但留一个\"还有人在乎你们\"的存在信号（那两杯茶），把空间还给需要它的两个人。"
      },
      {
        "tick": 0,
        "agent_type": "character",
        "action": "旁观韩陆对话，不做介入——作为无规则掌握权的普通角色，封印代价的真相不在我手，介入无依据。",
        "agent_id": "世界旁观者",
        "conflict_with": [],
        "influence_direction": "peer",
        "layer": "L1",
        "reasoning": "我冷静超然，且对封印代价无内幕信息；这是韩陆二人之间的私人误会，不是我的冲突，旁观最符合个人立场。"
      },
      {
        "tick": 1,
        "agent_type": "character",
        "action": "沉默接过陆摔在桌上的笔记，没有躲闪地看着陆的眼睛，用最简短的话说出隐瞒的真正原因——\"怕你知道之后不肯让我破。我不是想骗你，我是想让你别为我停下来。\"不辩解，把选择权重新推回给陆。",
        "agent_id": "韩峥",
        "conflict_with": [],
        "influence_direction": "peer",
        "layer": "L1",
        "reasoning": "tick1 已经坦白事实，tick2 必须推进到动机层——性格不善言辞所以话短，但重情义所以必须把真实顾虑说清楚（怕陆为他放弃封印），把决策权交还陆而非自己承担或继续回避。"
      },
      {
        "tick": 1,
        "agent_type": "character",
        "action": "追到根上——不接韩峥摆出来的\"事实\"，把笔记得推回去，逼问\"我问的不是代价是什么，我问的是你凭什么替我决定不告诉我\"。语气锋利但压低，不让屋角的网络发言人听清细节。",
        "agent_id": "角色_陆",
        "conflict_with": [],
        "influence_direction": "peer",
        "layer": "L1",
        "reasoning": "韩峥只摊了事实没答动机，而信任的裂痕在动机不在事实；陆坚韧独立，最不能接受的是\"被替代决定\"，所以追问\"凭什么替我决定\"而非\"你怎么能这样\"。压低声音是给两人留私人空间的本能，也避免网络发言人卷入。"
      },
      {
        "tick": 1,
        "agent_type": "character",
        "action": "tick 2 行动：作为温和、重视同伴的角色，我注意到韩峥已经把封印代价摊开给陆看，陆拿着笔记的姿态说明这件事已经进入\"对话解决\"阶段。我不靠近、不打断，但作为同伴，我的关注点是把对话气氛维持在一个\"能继续谈下去\"的状态——比如把自己手边一直没用上的备用收音机声音关小（避免任何背景干扰），用余光关注两人但不去盯着看。如果有任何一方情绪过激的迹象（比如声音骤然拔高、长时间沉默后的僵硬），我会适时去续上那杯茶——这是温和角色的本能动作，不抢戏，但让同伴知道\"有我在\"。本 tick 不触发任何矛盾，只是安静地做个在场的同伴。",
        "agent_id": "网络发言人",
        "conflict_with": [],
        "influence_direction": "peer",
        "layer": "L1",
        "reasoning": "作为温和、重视同伴的普通角色，我没有掌握集体规则或世界规则的特殊地位，韩陆关于封印代价的对话是他们的私人时刻，我不具备强行介入的依据。但\"重视同伴\"意味着我不能完全装作没看见——保持在场、维持对话空间、随时准备在情绪过激时递上一杯茶，才是温和角色的本色。本 tick 选择最低强度的陪伴行为，不抢戏、不评判、不站队。"
      },
      {
        "tick": 1,
        "agent_type": "character",
        "action": "继续坐在屋角观察，目光平静地落在陆摔笔记的那张桌上，不插话、不挪动；只在韩峥说出\"牺牲\"一词时微微抬眼，确认他确实直白承认了，随即低头继续自己的事，让两人把话说完。",
        "agent_id": "世界旁观者",
        "conflict_with": [],
        "influence_direction": "peer",
        "layer": "L1",
        "reasoning": "作为无规则掌握权的普通角色，封印代价的真相属于韩陆之间的私事，我介入无依据也无意愿。核心事实已被陆逼出、韩已承认，冲突正处于自然消解轨道，旁观即可。"
      },
      {
        "tick": 2,
        "agent_type": "character",
        "action": "不躲陆的锋利追问，承认\"是我替你决定了\"——不辩解这是为你好，而是直说：\"因为我认识你。你要是知道，你会放弃整个方案，去赌一个两全的办法——可我们没有两全的办法。\"停顿一下，把笔记翻到代价那页正面朝向陆，补一句：\"现在你知道了。你要停，我停。\"把决定权完全交还，不为自己留余地。",
        "agent_id": "韩峥",
        "conflict_with": [],
        "influence_direction": "peer",
        "layer": "L1",
        "reasoning": "陆的追问已经戳到核心——不是代价本身，而是\"凭什么替我决定\"。韩峥果断的性格决定了不绕弯、不卖惨，直接认下这个指控；重情义则让他把选择权真正还给陆，而不是用\"为你好\"绑架她。不善言辞让他用最短的话说最重的意思。屋角的网络发言人和世界旁观者都在安静在场，没有需要应对的外部压力，韩峥可以专注于和陆把这场误会解到底。"
      },
      {
        "tick": 2,
        "agent_type": "character",
        "action": "不接韩峥\"为你好\"的叙事——把他这句\"想让你别为我停下来\"挑破，逼他承认这本质上是单方面把她从对等关系里摘出去：\"你不是怕我停下来，你是觉得这件事我不该和你一起扛。\"把矛盾的根从\"隐瞒\"推进到\"信任的不对等\"——陆要的不是被告知代价，而是被当作能共同承担的人。语气仍压低，但把网络发言人的存在纳入考量：她不会让对方听清细节，但也不会假装屋里只有两个人。",
        "agent_id": "角色_陆",
        "conflict_with": [],
        "influence_direction": "peer",
        "layer": "L1",
        "reasoning": "陆的性格是坚韧独立、重视信任——韩峥在 tick 2 给出的理由（怕陆不让他破）表面合理但本质上仍是替陆做决定，把陆当成需要保护的对象。陆不会因为对方坦白就软化，反而要把矛盾从\"骗没骗\"推进到\"你信不信我能和你一起扛\"，这是陆真正在意的信任层级。仍压低声音是性格中\"坚韧\"的体现——克制、不失控、把对话维持在能谈下去的密度。"
      },
      {
        "tick": 2,
        "agent_type": "character",
        "action": "tick 3 行动：起身把自己那杯没动的茶收走，顺手把屋角的小台灯亮度调低一格——不是为了介入，而是给韩陆两人一个\"屋角有人但不会盯着看\"的视觉信号，让他们能压低声音把\"凭什么替我决定\"这句最重的话说完。收茶杯的动作很轻，眼神不扫向桌边，呼吸放缓，把存在感降到最低。作为重视同伴的人，我做的是替他们守住这个不被打断的空间，而不是替任何一方说话。",
        "agent_id": "网络发言人",
        "conflict_with": [],
        "influence_direction": "peer",
        "layer": "L1",
        "reasoning": "tick 2 韩峥已坦白真实动机（怕陆不肯让他破），陆把矛盾从\"事实层\"推到\"权力层\"（凭什么替我决定），这是对话最关键、最脆弱的节点。温和同伴此刻最有价值的动作是降低环境干扰、守住不被打断的对话空间，而非介入内容——既尊重两人解决误会的自主性，也表达\"有我在但不抢戏\"的同伴在场。"
      },
      {
        "tick": 2,
        "agent_type": "character",
        "action": "tick 3 行动：保持屋角的旁观位置不动，目光跟随陆与韩峥的对话节奏但不介入；在陆把笔记推回去、韩峥沉默接过的瞬间，我将注意力略略转向窗外的夜色，给两人留出更完整的私密空间，只在韩峥或陆出现明显的情绪决堤迹象（长时间僵立、呼吸骤乱、突然起身）时才重新把目光收回。本 tick 仍不发声、不挪位、不递茶——那是网络发言人的角色动作，我作为旁观者没有介入依据。",
        "agent_id": "世界旁观者",
        "conflict_with": [],
        "influence_direction": "peer",
        "layer": "L1",
        "reasoning": "作为无规则掌握权的普通角色，韩陆之间的封印代价与信任之争不在我手中，介入无依据；冷静超然的本性让我选择继续旁观，把空间完整留给当事人。"
      },
      {
        "tick": 3,
        "agent_type": "character",
        "action": "被陆那句话钉住——\"你觉得这件事我不该和你一起扛\"——不再找补任何\"为你好\"的话，直说：\"是。我就是这么想的。我扛过一次没人陪我扛的事，所以我下意识把你摘出去——不是不信任你，是我习惯了一个人把代价背完。可这一次你拿着笔记站在这儿，说明我错了：这件事你想扛，你也有权扛。\"停在这里，不再把\"你要停我停\"那套交还决定权的话术搬出来——因为那还是我在替她设定选项。这一 tick 的重点是把承认说到根上，把沉默留给她。",
        "agent_id": "角色_韩峥",
        "conflict_with": [],
        "influence_direction": "peer",
        "layer": "L1",
        "reasoning": "陆已经把矛盾从\"隐瞒\"推进到\"信任不对等\"，继续辩解或摆事实都是回避。韩峥性格果断重情义，该认就认到根上——承认下意识把陆摘出对等关系，是源于自己一个人扛过代价的习惯，不是为她好。交还决定权不能用\"你要停我停\"那套，那等于我还在替她设选项；真正的对等是把话说尽，然后沉默把选择权完全留给她。"
      },
      {
        "tick": 3,
        "agent_type": "character",
        "action": "不再追问。把韩峥那句\"你要停我停\"接住——不接他的牺牲框架，也不退回\"为你好\"的安慰，而是把\"对等\"落到具体动作上：明确告诉韩峥，从现在起，封印破或不破、什么时候破、以什么方式破，不再是你的单方面决定，也不再是我的单方面否决——是要我们两个人坐下来把所有代价摊开（包括你这条命），一起判断这条路走不走。给韩峥的不是原谅，是一个重新对等的关系契约：以后任何代价，先告诉我，由我决定要不要和你一起扛，而不是你替我筛选。语气从锋利转为低沉、稳定——压低到只有两人能听清。",
        "agent_id": "陆",
        "conflict_with": [],
        "influence_direction": "peer",
        "layer": "L1",
        "reasoning": "陆的目标是\"弄清韩峥为何隐瞒\"，前三个tick已经查到根上——不是代价本身，是韩峥单方面把她从对等关系里摘出去。韩峥在tick 3交还了决定权（\"你要停我停\"），陆的性格（坚韧、独立、重视信任）决定她不会停留在指控层，也不会轻飘接受道歉。她要做的是把质问转化为新的关系规则——重新确立\"我们一起扛\"的对等性，给韩峥一个可执行的承诺而非情绪宣泄。这是对话的落点，把矛盾从\"被欺骗\"推进到\"如何继续\"。本场景无层级规则触发，纯角色间信任博弈。"
      },
      {
        "tick": 3,
        "agent_type": "character",
        "action": "等两人压低声音把那句最重的话说完后，重新起身把门边小桌上已经凉掉的茶续上热水，端回到桌边——不递到任何人手里，只是放在两人中间顺手能拿到的位置，让韩或陆谁先需要台阶时手边有温度。眼神仍不扫向对话核心，呼吸保持平稳，续完茶退回屋角。",
        "agent_id": "网络发言人",
        "conflict_with": [],
        "influence_direction": "peer",
        "layer": "L1",
        "reasoning": "前两 tick 的调台灯/收茶杯信号已经够用，tick 4 重复同类动作会变成表演性介入；真正的同伴义务是在两人说到最重的话之后、可能需要台阶下时，保证屋子不冷掉——续热水是最克制的做法，既不替谁说话，也不打断对话。"
      },
      {
        "tick": 3,
        "agent_type": "character",
        "action": "继续维持屋角的旁观位置，目光不锁在两人身上，而是落在他们之间的桌面附近——既不盯人也不刻意回避；在韩峥把笔记翻到正面、陆沉默承接\"信任不对等\"这重推进的间隙，我把视线移向窗外，让两人把最重的话说完。只在听到任何一方呼吸或姿态出现明显决堤迹象时，才把目光收回。本 tick 不发声、不挪位、不递茶、不打断。",
        "agent_id": "世界旁观者",
        "conflict_with": [],
        "influence_direction": "peer",
        "layer": "L1",
        "reasoning": "作为无规则掌握权的普通旁观者，封印代价与信任不对等都不在我的处理范围内，介入无依据；对话正处情感峰值后的沉淀期，两人需要的是不被注视的私密空间而非第三方介入，因此选择持续旁观。"
      }
    ],
    "reinforcement_verdict": {
      "counter_hetero_layer_distribution": {
        "cross_cut": 4,
        "hetero_L1": 8,
        "hetero_L2_collective": 4,
        "hetero_L3_worldwill": 4
      },
      "counter_homo_layer_distribution": {
        "homo_L1_韩峥": 4,
        "homo_L1_陆": 4,
        "homo_L1_网络发言人": 4,
        "homo_L1_世界旁观者": 4
      },
      "hetero_overengineered": "否",
      "hetero_silence_in_daily": "是",
      "overengineered_evidence": "无过度设计证据。L3/L2 全部选择'旁观并记录'，cross_cut 4 tick 全部输出'合规，无需介入'。L2 反复给出'未触发保全规则具体执行需求'的明确判断，没有制造集体表决或保全冲突。L3 始终'不施加必然性压力、不将私人对话提升为命运事件'。所有非 L1 agent 自我约束、克制发声，符合场景需要。",
      "prompt_audit_summary": "双向偏差但方向不对称：异质是赋能式且与质疑假设相反（实际抑制 L2/L3 行动、允许沉默而非强制发声），同质是剥夺式（明确剥夺跨层可能性，结构性压制涌现）。原 pilot 的\"异质明显优\"结论部分被同质 prompt 的抑制式设计夸大，但方向不会被完全翻转。",
      "reasoning": "prompt 审计揭示同质 prompt 是结构性剥夺式（\"你没有特殊地位/世界必然性对你只是传闻\"），预先封死了涌现路径，这使得原 pilot\"同质无法涌现层级分工\"的论点不能纯粹归因于架构差异——存在 prompt 设计不公，原 pilot 的\"异质明显优\"被部分夸大。但关键反转在反例场景：异质系统的 L3/L2/cross_cut 在纯角色驱动场景全部选择旁观与沉默——4 个 tick 中 L3 4次\"不介入/不施加必然性压力\"、L2 4次\"未触发保全规则、不介入\"、cross_cut 4次\"合规、无需介入\"。这意味着异质系统具备清晰的边界感：知道何时该退场，不强行加层、不制造冲突，质疑\"异质过度设计、所有场景都强行发声\"被证伪。两个核心补强测试中，prompt 不公平属于轻度（异质 prompt 反而抑制发声，与质疑假设相反，仅同质侧存在剥夺式缺陷），反例场景异质表现符合预期（沉默/旁观），既未动摇异质架构的合理边界感，也未颠覆原结论方向。综合判定：prompt 部分不公平仅削弱了\"异质 vs 同质差距大小\"的可信度，但无法证伪\"异质系统有边界感、知道在何种场景应沉默\"这一更深层结论——thesis 1 仍站住，但建议用正向赋能式同质 prompt 重跑以进一步收紧差距测量。",
      "reinforcement_verdict": "thesis 1 仍站住"
    }
  }
}